<?xml version="1.0" encoding="UTF-8"?>
<testsuite xmlns:xsi="http://www.w3.org/2001/XMLSchema-instance" xsi:noNamespaceSchemaLocation="https://maven.apache.org/surefire/maven-surefire-plugin/xsd/surefire-test-report.xsd" name="testrunners.OrderTest" time="0.069" tests="3" errors="0" skipped="0" failures="0">
  <properties>
[...]
</properties>
  <testcase name="Check Previous Order Details" classname="Amazon Order Page" time="0.016"/>
  <testcase name="Check Open Order Details" classname="Amazon Order Page" time="0.015"/>
  <testcase name="Check cancelled Order Details" classname="Amazon Order Page" time="0.016"/>
</testsuite>