<?xml version="1.0" encoding="UTF-8"?>
<testsuite xmlns:xsi="http://www.w3.org/2001/XMLSchema-instance" xsi:noNamespaceSchemaLocation="https://maven.apache.org/surefire/maven-surefire-plugin/xsd/surefire-test-report.xsd" name="testrunners.UberTest" time="2.939" tests="3" errors="1" skipped="0" failures="0">
  <properties>
[...]
</properties>
  <testcase name="Booking a sedan cab" classname="Uber Booking Feature" time="0.185">
    <error message="The step &apos;User check the trip details&apos; is undefined.&#10;You can implement this step using the snippet(s) below:&#10;&#10;@Then(&quot;User check the trip details&quot;)&#10;public void user_check_the_trip_details() {&#10;    // Write code here that turns the phrase above into concrete actions&#10;    throw new io.cucumber.java.PendingException();&#10;}&#10;" type="io.cucumber.junit.UndefinedStepException">io.cucumber.junit.UndefinedStepException: 
The step 'User check the trip details' is undefined.
You can implement this step using the snippet(s) below:

@Then("User check the trip details")
public void user_check_the_trip_details() {
    // Write code here that turns the phrase above into concrete actions
    throw new io.cucumber.java.PendingException();
}

</error>
    <system-out><![CDATA[
@Sanity
Scenario: Booking a sedan cab                                        &amp#27;[90m# src/test/java/features/Uber.feature:4&amp#27;[0m
Step 1 sedan
  &amp#27;[32mGiven &amp#27;[0m&amp#27;[32mUser wants to select a &amp#27;[0m&amp#27;[32m&amp#27;[1m"sedan"&amp#27;[0m&amp#27;[32m car from uber app&amp#27;[0m             &amp#27;[90m# stepdefinitions.UberBookingSteps.user_wants_to_select_a_car_from_uber_app(java.lang.String)&amp#27;[0m
Step 2 sedan Delhi Jaipur
  &amp#27;[32mWhen &amp#27;[0m&amp#27;[32mUser selects car &amp#27;[0m&amp#27;[32m&amp#27;[1m"sedan"&amp#27;[0m&amp#27;[32m and pickup point &amp#27;[0m&amp#27;[32m&amp#27;[1m"Delhi"&amp#27;[0m&amp#27;[32m to &amp#27;[0m&amp#27;[32m&amp#27;[1m"Jaipur"&amp#27;[0m &amp#27;[90m# stepdefinitions.UberBookingSteps.user_selects_car_and_pickup_point_to(java.lang.String,java.lang.String,java.lang.String)&amp#27;[0m
Step 3
  &amp#27;[32mThen &amp#27;[0m&amp#27;[32mDriver starts the journey&amp#27;[0m                                     &amp#27;[90m# stepdefinitions.UberBookingSteps.driver_starts_the_journey()&amp#27;[0m
Step 4
  &amp#27;[32mAnd &amp#27;[0m&amp#27;[32mDriver ends the journey&amp#27;[0m                                        &amp#27;[90m# stepdefinitions.UberBookingSteps.driver_ends_the_journey()&amp#27;[0m
Step 5: 1000
  &amp#27;[32mAnd &amp#27;[0m&amp#27;[32mUser pays &amp#27;[0m&amp#27;[32m&amp#27;[1m1000&amp#27;[0m&amp#27;[32m rupees&amp#27;[0m                                          &amp#27;[90m# stepdefinitions.UberBookingSteps.user_pays_rupees(java.lang.Integer)&amp#27;[0m
  &amp#27;[33mAnd &amp#27;[0m&amp#27;[33mUser check the trip details&amp#27;[0m                                    &amp#27;[90m# null&amp#27;[0m
]]></system-out>
  </testcase>
  <testcase name="Booking a cab SUV" classname="Uber Booking Feature" time="0.047"/>
  <testcase name="Booking a cab MINI" classname="Uber Booking Feature" time="0.038"/>
</testsuite>